<?xml version="1.0" encoding="UTF-8"?>
<!-- Generated by org.testng.reporters.JUnitReportReporter -->
<testsuite hostname="DESKTOP-U9123IR" failures="0" tests="1" name="day3.Logging" time="1.971" errors="0" timestamp="2023-02-23T13:14:43 GET" skipped="0">
  <testcase classname="day3.Logging" name="testLogs" time="1.971"/>
  <system-out/>
</testsuite> <!-- day3.Logging -->
