<?xml version="1.0" encoding="UTF-8"?>
<!-- Generated by org.testng.reporters.JUnitReportReporter -->
<testsuite hostname="DESKTOP-U9123IR" failures="0" tests="1" name="day1.HTTPRequests" time="6.835" errors="0" timestamp="2023-02-22T19:34:42 GET" skipped="0">
  <testcase classname="day1.HTTPRequests" name="getUsers" time="6.835"/>
  <system-out/>
</testsuite> <!-- day1.HTTPRequests -->
