<?xml version="1.0" encoding="UTF-8"?>
<!-- Generated by org.testng.reporters.JUnitReportReporter -->
<testsuite hostname="DESKTOP-U9123IR" failures="0" tests="1" name="day3.HeadersTest" time="2.590" errors="0" timestamp="2023-02-23T12:57:13 GET" skipped="0">
  <testcase classname="day3.HeadersTest" name="getAllHeaders" time="2.590"/>
  <system-out/>
</testsuite> <!-- day3.HeadersTest -->
