<?xml version="1.0" encoding="UTF-8"?>
<!-- Generated by org.testng.reporters.JUnitReportReporter -->
<testsuite hostname="DESKTOP-U9123IR" failures="0" tests="1" name="day3.CookiesTest" time="2.830" errors="0" timestamp="2023-02-23T12:36:45 GET" skipped="0">
  <testcase classname="day3.CookiesTest" name="getCookiesInfo" time="2.830"/>
  <system-out/>
</testsuite> <!-- day3.CookiesTest -->
