<?xml version="1.0" encoding="UTF-8"?>
<!-- Generated by org.testng.reporters.JUnitReportReporter -->
<testsuite hostname="DESKTOP-U9123IR" failures="0" tests="1" name="day5.ParsingXMLResponse" time="3.622" errors="0" timestamp="2023-02-27T14:55:11 GET" skipped="0">
  <testcase classname="day5.ParsingXMLResponse" name="testXMLResponseWithObjectDifferentValidations" time="3.622"/>
  <system-out/>
</testsuite> <!-- day5.ParsingXMLResponse -->
