<?xml version="1.0" encoding="UTF-8"?>
<!-- Generated by org.testng.reporters.JUnitReportReporter -->
<testsuite hostname="DESKTOP-U9123IR" failures="0" tests="1" name="day4.ParsingJSONResponseData" time="1.397" errors="0" timestamp="2023-02-25T17:14:50 GET" skipped="0">
  <testcase classname="day4.ParsingJSONResponseData" name="testJsonResponseBodyData" time="1.397"/>
  <system-out/>
</testsuite> <!-- day4.ParsingJSONResponseData -->
