<?xml version="1.0" encoding="UTF-8"?>
<!-- Generated by org.testng.reporters.JUnitReportReporter -->
<testsuite hostname="DESKTOP-U9123IR" failures="0" tests="1" name="day3.PathAndQueryParameters" time="3.559" errors="0" timestamp="2023-02-23T11:48:10 GET" skipped="0">
  <testcase classname="day3.PathAndQueryParameters" name="testQueryAndPathParameters" time="3.559"/>
  <system-out/>
</testsuite> <!-- day3.PathAndQueryParameters -->
