<?xml version="1.0" encoding="UTF-8"?>
<!-- Generated by org.testng.reporters.JUnitReportReporter -->
<testsuite hostname="DESKTOP-U9123IR" failures="0" tests="2" name="day3.HeadersTest" time="1.437" errors="0" timestamp="2023-02-27T15:08:03 GET" skipped="0">
  <testcase classname="day3.HeadersTest" name="testHeaders" time="0.910"/>
  <system-out/>
  <testcase classname="day3.HeadersTest" name="getAllHeaders" time="0.527"/>
  <system-out/>
</testsuite> <!-- day3.HeadersTest -->
